2025-02-23 20:50:20,752 - {'detail': "'operation'"}
2025-02-23 20:50:20,752 - [{'detail': "'operation'"}]
2025-02-23 20:53:16,194 - {'processed': {'reading': {'count': 3.0, 'mean': 20.0, 'std': 10.0, 'min': 10.0, '25%': 15.0, '50%': 20.0, '75%': 25.0, 'max': 30.0}}}
2025-02-23 20:53:16,194 - [{'processed': {'reading': {'count': 3.0, 'mean': 20.0, 'std': 10.0, 'min': 10.0, '25%': 15.0, '50%': 20.0, '75%': 25.0, 'max': 30.0}}}]
2025-02-23 20:53:16,231 - {'processed': {'reading': {'count': 3.0, 'mean': 20.0, 'std': 10.0, 'min': 10.0, '25%': 15.0, '50%': 20.0, '75%': 25.0, 'max': 30.0}}}
2025-02-23 20:53:16,231 - [{'processed': {'reading': {'count': 3.0, 'mean': 20.0, 'std': 10.0, 'min': 10.0, '25%': 15.0, '50%': 20.0, '75%': 25.0, 'max': 30.0}}}]
2025-02-23 20:53:19,134 - {'processed': {'reading': {'count': 3.0, 'mean': 20.0, 'std': 10.0, 'min': 10.0, '25%': 15.0, '50%': 20.0, '75%': 25.0, 'max': 30.0}}}
2025-02-23 20:53:19,134 - [{'processed': {'reading': {'count': 3.0, 'mean': 20.0, 'std': 10.0, 'min': 10.0, '25%': 15.0, '50%': 20.0, '75%': 25.0, 'max': 30.0}}}]
2025-02-23 20:56:15,751 - {'processed': {'reading': {'count': 3.0, 'mean': 20.0, 'std': 10.0, 'min': 10.0, '25%': 15.0, '50%': 20.0, '75%': 25.0, 'max': 30.0}}}
2025-02-23 20:56:15,751 - [{'processed': {'reading': {'count': 3.0, 'mean': 20.0, 'std': 10.0, 'min': 10.0, '25%': 15.0, '50%': 20.0, '75%': 25.0, 'max': 30.0}}}]
2025-02-23 21:05:25,450 - {'processed': {'reading': {'count': 3.0, 'mean': 20.0, 'std': 10.0, 'min': 10.0, '25%': 15.0, '50%': 20.0, '75%': 25.0, 'max': 30.0}}}
2025-02-23 21:05:25,450 - [{'processed': {'reading': {'count': 3.0, 'mean': 20.0, 'std': 10.0, 'min': 10.0, '25%': 15.0, '50%': 20.0, '75%': 25.0, 'max': 30.0}}}]
2025-02-23 21:05:28,389 - {'processed': {'reading': {'count': 3.0, 'mean': 20.0, 'std': 10.0, 'min': 10.0, '25%': 15.0, '50%': 20.0, '75%': 25.0, 'max': 30.0}}}
2025-02-23 21:05:28,389 - [{'processed': {'reading': {'count': 3.0, 'mean': 20.0, 'std': 10.0, 'min': 10.0, '25%': 15.0, '50%': 20.0, '75%': 25.0, 'max': 30.0}}}]
2025-02-23 21:07:17,124 - {'processed': {'reading': {'count': 3.0, 'mean': 20.0, 'std': 10.0, 'min': 10.0, '25%': 15.0, '50%': 20.0, '75%': 25.0, 'max': 30.0}}}
2025-02-23 21:07:17,124 - [{'processed': {'reading': {'count': 3.0, 'mean': 20.0, 'std': 10.0, 'min': 10.0, '25%': 15.0, '50%': 20.0, '75%': 25.0, 'max': 30.0}}}]
2025-02-23 21:07:17,124 - Here -------- [{'processed': {'reading': {'count': 3.0, 'mean': 20.0, 'std': 10.0, 'min': 10.0, '25%': 15.0, '50%': 20.0, '75%': 25.0, 'max': 30.0}}}]
2025-02-23 21:09:43,516 - {'processed': {'reading': {'count': 3.0, 'mean': 20.0, 'std': 10.0, 'min': 10.0, '25%': 15.0, '50%': 20.0, '75%': 25.0, 'max': 30.0}}}
2025-02-23 21:09:43,516 - [{'processed': {'reading': {'count': 3.0, 'mean': 20.0, 'std': 10.0, 'min': 10.0, '25%': 15.0, '50%': 20.0, '75%': 25.0, 'max': 30.0}}}]
2025-02-23 21:09:43,516 - Here -------- [{'processed': {'reading': {'count': 3.0, 'mean': 20.0, 'std': 10.0, 'min': 10.0, '25%': 15.0, '50%': 20.0, '75%': 25.0, 'max': 30.0}}}]
2025-02-23 21:09:43,721 - Here --------                                            processed
0  {'reading': {'count': 3.0, 'mean': 20.0, 'std'...
2025-02-23 21:10:16,563 - {'processed': {'reading': {'count': 3.0, 'mean': 20.0, 'std': 10.0, 'min': 10.0, '25%': 15.0, '50%': 20.0, '75%': 25.0, 'max': 30.0}}}
2025-02-23 21:10:16,563 - [{'processed': {'reading': {'count': 3.0, 'mean': 20.0, 'std': 10.0, 'min': 10.0, '25%': 15.0, '50%': 20.0, '75%': 25.0, 'max': 30.0}}}]
2025-02-23 21:10:16,563 - Here -------- [{'processed': {'reading': {'count': 3.0, 'mean': 20.0, 'std': 10.0, 'min': 10.0, '25%': 15.0, '50%': 20.0, '75%': 25.0, 'max': 30.0}}}]
2025-02-23 21:10:16,566 - Here dframe --------                                            processed
0  {'reading': {'count': 3.0, 'mean': 20.0, 'std'...
2025-02-23 21:12:45,393 - {'detail': "unhashable type: 'dict'"}
2025-02-23 21:12:45,394 - [{'detail': "unhashable type: 'dict'"}]
2025-02-23 21:12:45,394 - Here -------- [{'detail': "unhashable type: 'dict'"}]
2025-02-23 21:12:45,396 - Here dframe --------                     detail
0  unhashable type: 'dict'
