2025-02-23 20:44:50,130 -   sensor  reading
0      A       10
1      B       20
2      C       30
2025-02-23 20:44:50,134 - {'values': [{'sensor': 'A', 'reading': 10}, {'sensor': 'B', 'reading': 20}, {'sensor': 'C', 'reading': 30}]}
2025-02-23 20:45:19,036 -   sensor  reading
0      A       10
1      B       20
2      C       30
2025-02-23 20:45:19,040 - {'values': [{'sensor': 'A', 'reading': 10}, {'sensor': 'B', 'reading': 20}, {'sensor': 'C', 'reading': 30}]}
2025-02-23 20:45:19,740 -   sensor  reading
0      A       10
1      B       20
2      C       30
2025-02-23 20:45:19,743 - {'values': [{'sensor': 'A', 'reading': 10}, {'sensor': 'B', 'reading': 20}, {'sensor': 'C', 'reading': 30}]}
2025-02-23 20:45:20,503 -   sensor  reading
0      A       10
1      B       20
2      C       30
2025-02-23 20:45:20,505 - {'values': [{'sensor': 'A', 'reading': 10}, {'sensor': 'B', 'reading': 20}, {'sensor': 'C', 'reading': 30}]}
2025-02-23 20:47:49,744 -   sensor  reading
0      A       10
1      B       20
2      C       30
2025-02-23 20:47:49,748 - {'values': [{'sensor': 'A', 'reading': 10}, {'sensor': 'B', 'reading': 20}, {'sensor': 'C', 'reading': 30}]}
2025-02-23 20:47:52,528 -   sensor  reading
0      A       10
1      B       20
2      C       30
2025-02-23 20:47:52,530 - {'values': [{'sensor': 'A', 'reading': 10}, {'sensor': 'B', 'reading': 20}, {'sensor': 'C', 'reading': 30}]}
2025-02-23 20:47:53,061 -   sensor  reading
0      A       10
1      B       20
2      C       30
2025-02-23 20:47:53,063 - {'values': [{'sensor': 'A', 'reading': 10}, {'sensor': 'B', 'reading': 20}, {'sensor': 'C', 'reading': 30}]}
2025-02-23 20:48:50,551 -   sensor  reading
0      A       10
1      B       20
2      C       30
2025-02-23 20:48:50,553 - {'values': [{'sensor': 'A', 'reading': 10}, {'sensor': 'B', 'reading': 20}, {'sensor': 'C', 'reading': 30}]}
2025-02-23 20:48:53,657 -   sensor  reading
0      A       10
1      B       20
2      C       30
2025-02-23 20:48:53,660 - {'values': [{'sensor': 'A', 'reading': 10}, {'sensor': 'B', 'reading': 20}, {'sensor': 'C', 'reading': 30}]}
2025-02-23 20:50:20,747 -   sensor  reading
0      A       10
1      B       20
2      C       30
2025-02-23 20:50:20,751 - {'values': [{'sensor': 'A', 'reading': 10}, {'sensor': 'B', 'reading': 20}, {'sensor': 'C', 'reading': 30}]}
2025-02-23 20:53:16,187 -   sensor  reading
0      A       10
1      B       20
2      C       30
2025-02-23 20:53:16,191 - {'values': [{'sensor': 'A', 'reading': 10}, {'sensor': 'B', 'reading': 20}, {'sensor': 'C', 'reading': 30}]}
2025-02-23 20:53:16,193 - {'reading': {'count': 3.0, 'mean': 20.0, 'std': 10.0, 'min': 10.0, '25%': 15.0, '50%': 20.0, '75%': 25.0, 'max': 30.0}}
2025-02-23 20:53:16,224 -   sensor  reading
0      A       10
1      B       20
2      C       30
2025-02-23 20:53:16,228 - {'values': [{'sensor': 'A', 'reading': 10}, {'sensor': 'B', 'reading': 20}, {'sensor': 'C', 'reading': 30}]}
2025-02-23 20:53:16,230 - {'reading': {'count': 3.0, 'mean': 20.0, 'std': 10.0, 'min': 10.0, '25%': 15.0, '50%': 20.0, '75%': 25.0, 'max': 30.0}}
2025-02-23 20:53:19,129 -   sensor  reading
0      A       10
1      B       20
2      C       30
2025-02-23 20:53:19,131 - {'values': [{'sensor': 'A', 'reading': 10}, {'sensor': 'B', 'reading': 20}, {'sensor': 'C', 'reading': 30}]}
2025-02-23 20:53:19,133 - {'reading': {'count': 3.0, 'mean': 20.0, 'std': 10.0, 'min': 10.0, '25%': 15.0, '50%': 20.0, '75%': 25.0, 'max': 30.0}}
2025-02-23 20:56:15,746 -   sensor  reading
0      A       10
1      B       20
2      C       30
2025-02-23 20:56:15,749 - {'values': [{'sensor': 'A', 'reading': 10}, {'sensor': 'B', 'reading': 20}, {'sensor': 'C', 'reading': 30}]}
2025-02-23 20:56:15,750 - {'reading': {'count': 3.0, 'mean': 20.0, 'std': 10.0, 'min': 10.0, '25%': 15.0, '50%': 20.0, '75%': 25.0, 'max': 30.0}}
2025-02-23 21:05:25,444 -   sensor  reading
0      A       10
1      B       20
2      C       30
2025-02-23 21:05:25,447 - {'values': [{'sensor': 'A', 'reading': 10}, {'sensor': 'B', 'reading': 20}, {'sensor': 'C', 'reading': 30}]}
2025-02-23 21:05:25,449 - {'reading': {'count': 3.0, 'mean': 20.0, 'std': 10.0, 'min': 10.0, '25%': 15.0, '50%': 20.0, '75%': 25.0, 'max': 30.0}}
2025-02-23 21:05:28,383 -   sensor  reading
0      A       10
1      B       20
2      C       30
2025-02-23 21:05:28,386 - {'values': [{'sensor': 'A', 'reading': 10}, {'sensor': 'B', 'reading': 20}, {'sensor': 'C', 'reading': 30}]}
2025-02-23 21:05:28,388 - {'reading': {'count': 3.0, 'mean': 20.0, 'std': 10.0, 'min': 10.0, '25%': 15.0, '50%': 20.0, '75%': 25.0, 'max': 30.0}}
2025-02-23 21:07:17,118 -   sensor  reading
0      A       10
1      B       20
2      C       30
2025-02-23 21:07:17,121 - {'values': [{'sensor': 'A', 'reading': 10}, {'sensor': 'B', 'reading': 20}, {'sensor': 'C', 'reading': 30}]}
2025-02-23 21:07:17,123 - {'reading': {'count': 3.0, 'mean': 20.0, 'std': 10.0, 'min': 10.0, '25%': 15.0, '50%': 20.0, '75%': 25.0, 'max': 30.0}}
2025-02-23 21:09:43,510 -   sensor  reading
0      A       10
1      B       20
2      C       30
2025-02-23 21:09:43,513 - {'values': [{'sensor': 'A', 'reading': 10}, {'sensor': 'B', 'reading': 20}, {'sensor': 'C', 'reading': 30}]}
2025-02-23 21:09:43,515 - {'reading': {'count': 3.0, 'mean': 20.0, 'std': 10.0, 'min': 10.0, '25%': 15.0, '50%': 20.0, '75%': 25.0, 'max': 30.0}}
2025-02-23 21:10:16,539 -   sensor  reading
0      A       10
1      B       20
2      C       30
2025-02-23 21:10:16,542 - {'values': [{'sensor': 'A', 'reading': 10}, {'sensor': 'B', 'reading': 20}, {'sensor': 'C', 'reading': 30}]}
2025-02-23 21:10:16,562 - {'reading': {'count': 3.0, 'mean': 20.0, 'std': 10.0, 'min': 10.0, '25%': 15.0, '50%': 20.0, '75%': 25.0, 'max': 30.0}}
2025-02-23 21:12:45,386 -   sensor  reading
0      A       10
1      B       20
2      C       30
2025-02-23 21:12:45,390 - {'values': [{'sensor': 'A', 'reading': 10}, {'sensor': 'B', 'reading': 20}, {'sensor': 'C', 'reading': 30}]}
2025-02-23 21:12:45,393 - {'reading': {'count': 3.0, 'mean': 20.0, 'std': 10.0, 'min': 10.0, '25%': 15.0, '50%': 20.0, '75%': 25.0, 'max': 30.0}}
